[0m22:27:28.081833 [debug] [MainThread]: Sending event: {'category': 'dbt', 'action': 'invocation', 'label': 'start', 'context': [<snowplow_tracker.self_describing_json.SelfDescribingJson object at 0x108320680>, <snowplow_tracker.self_describing_json.SelfDescribingJson object at 0x108d152b0>, <snowplow_tracker.self_describing_json.SelfDescribingJson object at 0x108d15010>]}


============================== 22:27:28.084959 | 30a013ff-f484-4db6-9c36-9f196e6143f0 ==============================
[0m22:27:28.084959 [info ] [MainThread]: Running with dbt=1.7.4
[0m22:27:28.085295 [debug] [MainThread]: running dbt with arguments {'printer_width': '80', 'indirect_selection': 'eager', 'log_cache_events': 'False', 'write_json': 'True', 'partial_parse': 'True', 'cache_selected_only': 'False', 'warn_error': 'None', 'version_check': 'True', 'debug': 'False', 'log_path': '/Users/kangsh/Desktop/vscode/demo_redshift_tpch/logs', 'profiles_dir': '/Users/kangsh/Desktop/vscode/demo_redshift_tpch', 'fail_fast': 'False', 'use_colors': 'True', 'use_experimental_parser': 'False', 'no_print': 'None', 'quiet': 'False', 'log_format': 'default', 'introspect': 'True', 'invocation_command': 'dbt debug', 'warn_error_options': 'WarnErrorOptions(include=[], exclude=[])', 'target_path': 'None', 'static_parser': 'True', 'send_anonymous_usage_stats': 'True'}
[0m22:27:28.085637 [info ] [MainThread]: dbt version: 1.7.4
[0m22:27:28.085796 [info ] [MainThread]: python version: 3.12.1
[0m22:27:28.085930 [info ] [MainThread]: python path: /Users/kangsh/Desktop/vscode/.venv/bin/python3.12
[0m22:27:28.086062 [info ] [MainThread]: os info: macOS-13.6.3-arm64-arm-64bit
[0m22:27:28.219280 [info ] [MainThread]: Using profiles dir at /Users/kangsh/Desktop/vscode/demo_redshift_tpch
[0m22:27:28.219681 [info ] [MainThread]: Using profiles.yml file at /Users/kangsh/Desktop/vscode/demo_redshift_tpch/profiles.yml
[0m22:27:28.219851 [info ] [MainThread]: Using dbt_project.yml file at /Users/kangsh/Desktop/vscode/demo_redshift_tpch/dbt_project.yml
[0m22:27:28.220100 [info ] [MainThread]: adapter type: redshift
[0m22:27:28.220255 [info ] [MainThread]: adapter version: 1.7.1
[0m22:27:28.253317 [info ] [MainThread]: Configuration:
[0m22:27:28.253614 [info ] [MainThread]:   profiles.yml file [[32mOK found and valid[0m]
[0m22:27:28.253776 [info ] [MainThread]:   dbt_project.yml file [[32mOK found and valid[0m]
[0m22:27:28.253928 [info ] [MainThread]: Required dependencies:
[0m22:27:28.254152 [debug] [MainThread]: Executing "git --help"
[0m22:27:28.271731 [debug] [MainThread]: STDOUT: "b"usage: git [-v | --version] [-h | --help] [-C <path>] [-c <name>=<value>]\n           [--exec-path[=<path>]] [--html-path] [--man-path] [--info-path]\n           [-p | --paginate | -P | --no-pager] [--no-replace-objects] [--bare]\n           [--git-dir=<path>] [--work-tree=<path>] [--namespace=<name>]\n           [--super-prefix=<path>] [--config-env=<name>=<envvar>]\n           <command> [<args>]\n\nThese are common Git commands used in various situations:\n\nstart a working area (see also: git help tutorial)\n   clone     Clone a repository into a new directory\n   init      Create an empty Git repository or reinitialize an existing one\n\nwork on the current change (see also: git help everyday)\n   add       Add file contents to the index\n   mv        Move or rename a file, a directory, or a symlink\n   restore   Restore working tree files\n   rm        Remove files from the working tree and from the index\n\nexamine the history and state (see also: git help revisions)\n   bisect    Use binary search to find the commit that introduced a bug\n   diff      Show changes between commits, commit and working tree, etc\n   grep      Print lines matching a pattern\n   log       Show commit logs\n   show      Show various types of objects\n   status    Show the working tree status\n\ngrow, mark and tweak your common history\n   branch    List, create, or delete branches\n   commit    Record changes to the repository\n   merge     Join two or more development histories together\n   rebase    Reapply commits on top of another base tip\n   reset     Reset current HEAD to the specified state\n   switch    Switch branches\n   tag       Create, list, delete or verify a tag object signed with GPG\n\ncollaborate (see also: git help workflows)\n   fetch     Download objects and refs from another repository\n   pull      Fetch from and integrate with another repository or a local branch\n   push      Update remote refs along with associated objects\n\n'git help -a' and 'git help -g' list available subcommands and some\nconcept guides. See 'git help <command>' or 'git help <concept>'\nto read about a specific subcommand or concept.\nSee 'git help git' for an overview of the system.\n""
[0m22:27:28.272278 [debug] [MainThread]: STDERR: "b''"
[0m22:27:28.272516 [info ] [MainThread]:  - git [[32mOK found[0m]

[0m22:27:28.272697 [info ] [MainThread]: Connection:
[0m22:27:28.272893 [info ] [MainThread]:   host: dbtcluster2-2rdusxwdddic.ccv1v6o4auql.us-east-1.redshift.amazonaws.com
[0m22:27:28.273034 [info ] [MainThread]:   user: awsuser
[0m22:27:28.273164 [info ] [MainThread]:   port: 5439
[0m22:27:28.273289 [info ] [MainThread]:   database: dev
[0m22:27:28.273422 [info ] [MainThread]:   method: database
[0m22:27:28.273551 [info ] [MainThread]:   cluster_id: None
[0m22:27:28.273677 [info ] [MainThread]:   iam_profile: None
[0m22:27:28.273799 [info ] [MainThread]:   schema: tpch
[0m22:27:28.273922 [info ] [MainThread]:   sslmode: prefer
[0m22:27:28.274048 [info ] [MainThread]:   region: None
[0m22:27:28.274171 [info ] [MainThread]:   sslmode: prefer
[0m22:27:28.274293 [info ] [MainThread]:   region: None
[0m22:27:28.274413 [info ] [MainThread]:   iam_profile: None
[0m22:27:28.274533 [info ] [MainThread]:   autocreate: False
[0m22:27:28.274655 [info ] [MainThread]:   db_groups: []
[0m22:27:28.274774 [info ] [MainThread]:   ra3_node: True
[0m22:27:28.274890 [info ] [MainThread]:   connect_timeout: 10
[0m22:27:28.275009 [info ] [MainThread]:   role: None
[0m22:27:28.275131 [info ] [MainThread]:   retries: 1
[0m22:27:28.275253 [info ] [MainThread]:   autocommit: True
[0m22:27:28.275474 [info ] [MainThread]: Registered adapter: redshift=1.7.1
[0m22:27:28.275835 [debug] [MainThread]: Acquiring new redshift connection 'debug'
[0m22:27:28.278320 [debug] [MainThread]: Using redshift connection "debug"
[0m22:27:28.278486 [debug] [MainThread]: On debug: select 1 as id
[0m22:27:28.278623 [debug] [MainThread]: Opening a new connection, currently in state init
[0m22:27:28.280857 [debug] [MainThread]: Redshift adapter: Establishing connection using ssl with `sslmode` set to 'prefer'.To connect without ssl, set `sslmode` to 'disable'.
[0m22:27:28.281038 [debug] [MainThread]: Redshift adapter: Connecting to redshift with username/password based auth...
[0m22:27:29.973441 [debug] [MainThread]: SQL status: SUCCESS in 2.0 seconds
[0m22:27:29.977410 [debug] [MainThread]: On debug: Close
[0m22:27:29.979863 [info ] [MainThread]:   Connection test: [[32mOK connection ok[0m]

[0m22:27:29.980699 [info ] [MainThread]: [32mAll checks passed![0m
[0m22:27:29.984832 [debug] [MainThread]: Resource report: {"command_name": "debug", "command_success": true, "command_wall_clock_time": 1.935112, "process_user_time": 0.962143, "process_kernel_time": 0.188682, "process_mem_max_rss": "116981760", "process_in_blocks": "0", "process_out_blocks": "0"}
[0m22:27:29.985497 [debug] [MainThread]: Command `dbt debug` succeeded at 22:27:29.985407 after 1.94 seconds
[0m22:27:29.985813 [debug] [MainThread]: Connection 'debug' was properly closed.
[0m22:27:29.986076 [debug] [MainThread]: Sending event: {'category': 'dbt', 'action': 'invocation', 'label': 'end', 'context': [<snowplow_tracker.self_describing_json.SelfDescribingJson object at 0x108a1e480>, <snowplow_tracker.self_describing_json.SelfDescribingJson object at 0x108ea1100>, <snowplow_tracker.self_describing_json.SelfDescribingJson object at 0x108871a30>]}
[0m22:27:29.986372 [debug] [MainThread]: Flushing usage events
[0m22:39:54.711943 [debug] [MainThread]: Sending event: {'category': 'dbt', 'action': 'invocation', 'label': 'start', 'context': [<snowplow_tracker.self_describing_json.SelfDescribingJson object at 0x1057b5fa0>, <snowplow_tracker.self_describing_json.SelfDescribingJson object at 0x105811100>, <snowplow_tracker.self_describing_json.SelfDescribingJson object at 0x105810d70>]}


============================== 22:39:54.714715 | 6ddd8956-4980-446a-8e6a-b2a74ec892dc ==============================
[0m22:39:54.714715 [info ] [MainThread]: Running with dbt=1.7.4
[0m22:39:54.715034 [debug] [MainThread]: running dbt with arguments {'printer_width': '80', 'indirect_selection': 'eager', 'log_cache_events': 'False', 'write_json': 'True', 'partial_parse': 'True', 'cache_selected_only': 'False', 'profiles_dir': '/Users/kangsh/Desktop/vscode/demo_redshift_tpch', 'version_check': 'True', 'debug': 'False', 'log_path': '/Users/kangsh/Desktop/vscode/demo_redshift_tpch/logs', 'warn_error': 'None', 'fail_fast': 'False', 'use_colors': 'True', 'use_experimental_parser': 'False', 'no_print': 'None', 'quiet': 'False', 'log_format': 'default', 'invocation_command': 'dbt debug', 'static_parser': 'True', 'introspect': 'True', 'target_path': 'None', 'warn_error_options': 'WarnErrorOptions(include=[], exclude=[])', 'send_anonymous_usage_stats': 'True'}
[0m22:39:54.715342 [info ] [MainThread]: dbt version: 1.7.4
[0m22:39:54.715504 [info ] [MainThread]: python version: 3.12.1
[0m22:39:54.715643 [info ] [MainThread]: python path: /Users/kangsh/Desktop/vscode/.venv/bin/python3.12
[0m22:39:54.715778 [info ] [MainThread]: os info: macOS-13.6.3-arm64-arm-64bit
[0m22:39:54.810328 [info ] [MainThread]: Using profiles dir at /Users/kangsh/Desktop/vscode/demo_redshift_tpch
[0m22:39:54.810727 [info ] [MainThread]: Using profiles.yml file at /Users/kangsh/Desktop/vscode/demo_redshift_tpch/profiles.yml
[0m22:39:54.810896 [info ] [MainThread]: Using dbt_project.yml file at /Users/kangsh/Desktop/vscode/demo_redshift_tpch/dbt_project.yml
[0m22:39:54.811182 [info ] [MainThread]: adapter type: redshift
[0m22:39:54.811338 [info ] [MainThread]: adapter version: 1.7.1
[0m22:39:54.845140 [info ] [MainThread]: Configuration:
[0m22:39:54.845472 [info ] [MainThread]:   profiles.yml file [[32mOK found and valid[0m]
[0m22:39:54.845648 [info ] [MainThread]:   dbt_project.yml file [[32mOK found and valid[0m]
[0m22:39:54.845800 [info ] [MainThread]: Required dependencies:
[0m22:39:54.846049 [debug] [MainThread]: Executing "git --help"
[0m22:39:54.863319 [debug] [MainThread]: STDOUT: "b"usage: git [-v | --version] [-h | --help] [-C <path>] [-c <name>=<value>]\n           [--exec-path[=<path>]] [--html-path] [--man-path] [--info-path]\n           [-p | --paginate | -P | --no-pager] [--no-replace-objects] [--bare]\n           [--git-dir=<path>] [--work-tree=<path>] [--namespace=<name>]\n           [--super-prefix=<path>] [--config-env=<name>=<envvar>]\n           <command> [<args>]\n\nThese are common Git commands used in various situations:\n\nstart a working area (see also: git help tutorial)\n   clone     Clone a repository into a new directory\n   init      Create an empty Git repository or reinitialize an existing one\n\nwork on the current change (see also: git help everyday)\n   add       Add file contents to the index\n   mv        Move or rename a file, a directory, or a symlink\n   restore   Restore working tree files\n   rm        Remove files from the working tree and from the index\n\nexamine the history and state (see also: git help revisions)\n   bisect    Use binary search to find the commit that introduced a bug\n   diff      Show changes between commits, commit and working tree, etc\n   grep      Print lines matching a pattern\n   log       Show commit logs\n   show      Show various types of objects\n   status    Show the working tree status\n\ngrow, mark and tweak your common history\n   branch    List, create, or delete branches\n   commit    Record changes to the repository\n   merge     Join two or more development histories together\n   rebase    Reapply commits on top of another base tip\n   reset     Reset current HEAD to the specified state\n   switch    Switch branches\n   tag       Create, list, delete or verify a tag object signed with GPG\n\ncollaborate (see also: git help workflows)\n   fetch     Download objects and refs from another repository\n   pull      Fetch from and integrate with another repository or a local branch\n   push      Update remote refs along with associated objects\n\n'git help -a' and 'git help -g' list available subcommands and some\nconcept guides. See 'git help <command>' or 'git help <concept>'\nto read about a specific subcommand or concept.\nSee 'git help git' for an overview of the system.\n""
[0m22:39:54.863817 [debug] [MainThread]: STDERR: "b''"
[0m22:39:54.864020 [info ] [MainThread]:  - git [[32mOK found[0m]

[0m22:39:54.864221 [info ] [MainThread]: Connection:
[0m22:39:54.864409 [info ] [MainThread]:   host: dbtcluster2-2rdusxwdddic.ccv1v6o4auql.us-east-1.redshift.amazonaws.com
[0m22:39:54.864557 [info ] [MainThread]:   user: awsuser
[0m22:39:54.864695 [info ] [MainThread]:   port: 5439
[0m22:39:54.864825 [info ] [MainThread]:   database: dev
[0m22:39:54.864965 [info ] [MainThread]:   method: database
[0m22:39:54.865120 [info ] [MainThread]:   cluster_id: None
[0m22:39:54.865375 [info ] [MainThread]:   iam_profile: None
[0m22:39:54.865539 [info ] [MainThread]:   schema: tpch
[0m22:39:54.865680 [info ] [MainThread]:   sslmode: prefer
[0m22:39:54.865818 [info ] [MainThread]:   region: None
[0m22:39:54.865948 [info ] [MainThread]:   sslmode: prefer
[0m22:39:54.866091 [info ] [MainThread]:   region: None
[0m22:39:54.866220 [info ] [MainThread]:   iam_profile: None
[0m22:39:54.866354 [info ] [MainThread]:   autocreate: False
[0m22:39:54.866494 [info ] [MainThread]:   db_groups: []
[0m22:39:54.866623 [info ] [MainThread]:   ra3_node: True
[0m22:39:54.866754 [info ] [MainThread]:   connect_timeout: 10
[0m22:39:54.866894 [info ] [MainThread]:   role: None
[0m22:39:54.867024 [info ] [MainThread]:   retries: 1
[0m22:39:54.867151 [info ] [MainThread]:   autocommit: True
[0m22:39:54.867422 [info ] [MainThread]: Registered adapter: redshift=1.7.1
[0m22:39:54.867812 [debug] [MainThread]: Acquiring new redshift connection 'debug'
[0m22:39:54.870353 [debug] [MainThread]: Using redshift connection "debug"
[0m22:39:54.870524 [debug] [MainThread]: On debug: select 1 as id
[0m22:39:54.870654 [debug] [MainThread]: Opening a new connection, currently in state init
[0m22:39:54.872759 [debug] [MainThread]: Redshift adapter: Establishing connection using ssl with `sslmode` set to 'prefer'.To connect without ssl, set `sslmode` to 'disable'.
[0m22:39:54.872964 [debug] [MainThread]: Redshift adapter: Connecting to redshift with username/password based auth...
[0m22:39:56.729001 [debug] [MainThread]: SQL status: SUCCESS in 2.0 seconds
[0m22:39:56.731086 [debug] [MainThread]: On debug: Close
[0m22:39:56.732279 [info ] [MainThread]:   Connection test: [[32mOK connection ok[0m]

[0m22:39:56.733074 [info ] [MainThread]: [32mAll checks passed![0m
[0m22:39:56.735867 [debug] [MainThread]: Resource report: {"command_name": "debug", "command_success": true, "command_wall_clock_time": 2.0506394, "process_user_time": 0.952076, "process_kernel_time": 0.176267, "process_mem_max_rss": "116326400", "process_in_blocks": "0", "process_out_blocks": "0"}
[0m22:39:56.736635 [debug] [MainThread]: Command `dbt debug` succeeded at 22:39:56.736475 after 2.05 seconds
[0m22:39:56.737056 [debug] [MainThread]: Connection 'debug' was properly closed.
[0m22:39:56.737513 [debug] [MainThread]: Sending event: {'category': 'dbt', 'action': 'invocation', 'label': 'end', 'context': [<snowplow_tracker.self_describing_json.SelfDescribingJson object at 0x105172a20>, <snowplow_tracker.self_describing_json.SelfDescribingJson object at 0x1055dce00>, <snowplow_tracker.self_describing_json.SelfDescribingJson object at 0x10040eab0>]}
[0m22:39:56.738023 [debug] [MainThread]: Flushing usage events
